This is pdfTeX, Version 3.1415926-1.40.10 (TeX Live 2009/Debian) (format=pdflatex 2010.5.14)  24 JUN 2010 00:09
entering extended mode
 restricted \write18 enabled.
 %&-line parsing enabled.
**Tesi.tex
(./Tesi.tex
LaTeX2e <2009/09/24>
Babel <v3.8l> and hyphenation patterns for english, usenglishmax, dumylang, noh
yphenation, loaded.
(/usr/share/texmf-texlive/tex/latex/base/report.cls
Document Class: report 2007/10/19 v1.4h Standard LaTeX document class
(/usr/share/texmf-texlive/tex/latex/base/size12.clo
File: size12.clo 2007/10/19 v1.4h Standard LaTeX file (size option)
)
\c@part=\count79
\c@chapter=\count80
\c@section=\count81
\c@subsection=\count82
\c@subsubsection=\count83
\c@paragraph=\count84
\c@subparagraph=\count85
\c@figure=\count86
\c@table=\count87
\abovecaptionskip=\skip41
\belowcaptionskip=\skip42
\bibindent=\dimen102
)
(/usr/share/texmf-texlive/tex/latex/base/inputenc.sty
Package: inputenc 2008/03/30 v1.1d Input encoding file
\inpenc@prehook=\toks14
\inpenc@posthook=\toks15

(/usr/share/texmf-texlive/tex/latex/ucs/utf8x.def
File: utf8x.def 2004/10/17 UCS: Input encoding UTF-8
))
(/usr/share/texmf-texlive/tex/latex/ucs/ucs.sty
Package: ucs 2004/10/17 UCS: Unicode input support

(/usr/share/texmf-texlive/tex/latex/ucs/data/uni-global.def
File: uni-global.def 2004/10/17 UCS: Unicode global data
)
\uc@secondtry=\count88
\uc@combtoks=\toks16
\uc@combtoksb=\toks17
\uc@temptokena=\toks18
)
(/usr/share/texmf-texlive/tex/generic/babel/babel.sty
Package: babel 2008/07/06 v3.8l The Babel package

(/usr/share/texmf-texlive/tex/generic/babel/italian.ldf
Language: italian 2008/03/14 v1.2t Italian support from the babel system

(/usr/share/texmf-texlive/tex/generic/babel/babel.def
File: babel.def 2008/07/06 v3.8l Babel common definitions
\babel@savecnt=\count89
\U@D=\dimen103
)

Package babel Warning: No hyphenation patterns were loaded for
(babel)                the language `Italian'
(babel)                I will use the patterns loaded for \language=0 instead.

\l@italian = a dialect from \language0
Package babel Info: Making " an active character on input line 94.
)) (/usr/share/texmf-texlive/tex/latex/fancyhdr/fancyhdr.sty
\fancy@headwidth=\skip43
\f@ncyO@elh=\skip44
\f@ncyO@erh=\skip45
\f@ncyO@olh=\skip46
\f@ncyO@orh=\skip47
\f@ncyO@elf=\skip48
\f@ncyO@erf=\skip49
\f@ncyO@olf=\skip50
\f@ncyO@orf=\skip51
)
(/usr/share/texmf-texlive/tex/latex/amsfonts/amssymb.sty
Package: amssymb 2009/06/22 v3.00

(/usr/share/texmf-texlive/tex/latex/amsfonts/amsfonts.sty
Package: amsfonts 2009/06/22 v3.00 Basic AMSFonts support
\@emptytoks=\toks19
\symAMSa=\mathgroup4
\symAMSb=\mathgroup5
LaTeX Font Info:    Overwriting math alphabet `\mathfrak' in version `bold'
(Font)                  U/euf/m/n --> U/euf/b/n on input line 96.
))
(/usr/share/texmf-texlive/tex/latex/amsmath/amsmath.sty
Package: amsmath 2000/07/18 v2.13 AMS math features
\@mathmargin=\skip52

For additional information on amsmath, use the `?' option.
(/usr/share/texmf-texlive/tex/latex/amsmath/amstext.sty
Package: amstext 2000/06/29 v2.01

(/usr/share/texmf-texlive/tex/latex/amsmath/amsgen.sty
File: amsgen.sty 1999/11/30 v2.0
\@emptytoks=\toks20
\ex@=\dimen104
))
(/usr/share/texmf-texlive/tex/latex/amsmath/amsbsy.sty
Package: amsbsy 1999/11/29 v1.2d
\pmbraise@=\dimen105
)
(/usr/share/texmf-texlive/tex/latex/amsmath/amsopn.sty
Package: amsopn 1999/12/14 v2.01 operator names
)
\inf@bad=\count90
LaTeX Info: Redefining \frac on input line 211.
\uproot@=\count91
\leftroot@=\count92
LaTeX Info: Redefining \overline on input line 307.
\classnum@=\count93
\DOTSCASE@=\count94
LaTeX Info: Redefining \ldots on input line 379.
LaTeX Info: Redefining \dots on input line 382.
LaTeX Info: Redefining \cdots on input line 467.
\Mathstrutbox@=\box26
\strutbox@=\box27
\big@size=\dimen106
LaTeX Font Info:    Redeclaring font encoding OML on input line 567.
LaTeX Font Info:    Redeclaring font encoding OMS on input line 568.
\macc@depth=\count95
\c@MaxMatrixCols=\count96
\dotsspace@=\muskip10
\c@parentequation=\count97
\dspbrk@lvl=\count98
\tag@help=\toks21
\row@=\count99
\column@=\count100
\maxfields@=\count101
\andhelp@=\toks22
\eqnshift@=\dimen107
\alignsep@=\dimen108
\tagshift@=\dimen109
\tagwidth@=\dimen110
\totwidth@=\dimen111
\lineht@=\dimen112
\@envbody=\toks23
\multlinegap=\skip53
\multlinetaggap=\skip54
\mathdisplay@stack=\toks24
LaTeX Info: Redefining \[ on input line 2666.
LaTeX Info: Redefining \] on input line 2667.
)
(/usr/share/texmf-texlive/tex/latex/graphics/graphicx.sty
Package: graphicx 1999/02/16 v1.0f Enhanced LaTeX Graphics (DPC,SPQR)

(/usr/share/texmf-texlive/tex/latex/graphics/keyval.sty
Package: keyval 1999/03/16 v1.13 key=value parser (DPC)
\KV@toks@=\toks25
)
(/usr/share/texmf-texlive/tex/latex/graphics/graphics.sty
Package: graphics 2009/02/05 v1.0o Standard LaTeX Graphics (DPC,SPQR)

(/usr/share/texmf-texlive/tex/latex/graphics/trig.sty
Package: trig 1999/03/16 v1.09 sin cos tan (DPC)
)
(/etc/texmf/tex/latex/config/graphics.cfg
File: graphics.cfg 2009/08/28 v1.8 graphics configuration of TeX Live
)
Package graphics Info: Driver file: pdftex.def on input line 91.

(/usr/share/texmf-texlive/tex/latex/pdftex-def/pdftex.def
File: pdftex.def 2009/08/25 v0.04m Graphics/color for pdfTeX
\Gread@gobject=\count102
))
\Gin@req@height=\dimen113
\Gin@req@width=\dimen114
)
(/usr/share/texmf-texlive/tex/latex/tools/verbatim.sty
Package: verbatim 2003/08/22 v1.5q LaTeX2e package for verbatim enhancements
\every@verbatim=\toks26
\verbatim@line=\toks27
\verbatim@in@stream=\read1
)
(/usr/share/texmf-texlive/tex/latex/graphics/color.sty
Package: color 2005/11/14 v1.0j Standard LaTeX Color (DPC)

(/etc/texmf/tex/latex/config/color.cfg
File: color.cfg 2007/01/18 v1.5 color configuration of teTeX/TeXLive
)
Package color Info: Driver file: pdftex.def on input line 130.
)
(/usr/share/texmf-texlive/tex/latex/subfigure/subfigure.sty
Package: subfigure 2002/03/15 v2.1.5 subfigure package
\subfigtopskip=\skip55
\subfigcapskip=\skip56
\subfigcaptopadj=\dimen115
\subfigbottomskip=\skip57
\subfigcapmargin=\dimen116
\subfiglabelskip=\skip58
\c@subfigure=\count103
\c@lofdepth=\count104
\c@subtable=\count105
\c@lotdepth=\count106

****************************************
* Local config file subfigure.cfg used *
****************************************
(/usr/share/texmf-texlive/tex/latex/subfigure/subfigure.cfg)
\subfig@top=\skip59
\subfig@bottom=\skip60
)
(/usr/share/texmf-texlive/tex/latex/hyperref/hyperref.sty
Package: hyperref 2009/10/09 v6.79a Hypertext links for LaTeX

(/usr/share/texmf-texlive/tex/generic/oberdiek/ifpdf.sty
Package: ifpdf 2009/04/10 v2.0 Provides the ifpdf switch (HO)
Package ifpdf Info: pdfTeX in pdf mode detected.
)
(/usr/share/texmf-texlive/tex/generic/oberdiek/ifvtex.sty
Package: ifvtex 2008/11/04 v1.4 Switches for detecting VTeX and its modes (HO)
Package ifvtex Info: VTeX not detected.
)
(/usr/share/texmf-texlive/tex/generic/ifxetex/ifxetex.sty
Package: ifxetex 2009/01/23 v0.5 Provides ifxetex conditional
)
(/usr/share/texmf-texlive/tex/latex/oberdiek/hycolor.sty
Package: hycolor 2009/10/02 v1.5 Code for color options of hyperref/bookmark (H
O)

(/usr/share/texmf-texlive/tex/latex/oberdiek/xcolor-patch.sty
Package: xcolor-patch 2009/10/02 xcolor patch
))
\@linkdim=\dimen117
\Hy@linkcounter=\count107
\Hy@pagecounter=\count108

(/usr/share/texmf-texlive/tex/latex/hyperref/pd1enc.def
File: pd1enc.def 2009/10/09 v6.79a Hyperref: PDFDocEncoding definition (HO)
)
(/usr/share/texmf-texlive/tex/generic/oberdiek/etexcmds.sty
Package: etexcmds 2007/12/12 v1.2 Prefix for e-TeX command names (HO)

(/usr/share/texmf-texlive/tex/generic/oberdiek/infwarerr.sty
Package: infwarerr 2007/09/09 v1.2 Providing info/warning/message (HO)
)
Package etexcmds Info: Could not find \expanded.
(etexcmds)             That can mean that you are not using pdfTeX 1.50 or
(etexcmds)             that some package has redefined \expanded.
(etexcmds)             In the latter case, load this package earlier.
)
(/etc/texmf/tex/latex/config/hyperref.cfg
File: hyperref.cfg 2002/06/06 v1.2 hyperref configuration of TeXLive
)
(/usr/share/texmf-texlive/tex/latex/oberdiek/kvoptions.sty
Package: kvoptions 2009/08/13 v3.4 Keyval support for LaTeX options (HO)

(/usr/share/texmf-texlive/tex/generic/oberdiek/kvsetkeys.sty
Package: kvsetkeys 2009/07/30 v1.5 Key value parser with default handler suppor
t (HO)
))
Package hyperref Info: Hyper figures OFF on input line 2975.
Package hyperref Info: Link nesting OFF on input line 2980.
Package hyperref Info: Hyper index ON on input line 2983.
Package hyperref Info: Plain pages OFF on input line 2990.
Package hyperref Info: Backreferencing OFF on input line 2995.

Implicit mode ON; LaTeX internals redefined
Package hyperref Info: Bookmarks ON on input line 3191.
(/usr/share/texmf-texlive/tex/latex/ltxmisc/url.sty
\Urlmuskip=\muskip11
Package: url 2006/04/12  ver 3.3  Verb mode for urls, etc.
)
LaTeX Info: Redefining \url on input line 3428.

(/usr/share/texmf-texlive/tex/generic/oberdiek/bitset.sty
Package: bitset 2007/09/28 v1.0 Data type bit set (HO)

(/usr/share/texmf-texlive/tex/generic/oberdiek/intcalc.sty
Package: intcalc 2007/09/27 v1.1 Expandable integer calculations (HO)
)
(/usr/share/texmf-texlive/tex/generic/oberdiek/bigintcalc.sty
Package: bigintcalc 2007/11/11 v1.1 Expandable big integer calculations (HO)

(/usr/share/texmf-texlive/tex/generic/oberdiek/pdftexcmds.sty
Package: pdftexcmds 2009/09/23 v0.6 LuaTeX support for pdfTeX utility functions
 (HO)

(/usr/share/texmf-texlive/tex/generic/oberdiek/ifluatex.sty
Package: ifluatex 2009/04/17 v1.2 Provides the ifluatex switch (HO)
Package ifluatex Info: LuaTeX not detected.
)
(/usr/share/texmf-texlive/tex/generic/oberdiek/ltxcmds.sty
Package: ltxcmds 2009/08/05 v1.0 Some LaTeX kernel commands for general use (HO
)
)
Package pdftexcmds Info: LuaTeX not detected.
Package pdftexcmds Info: \pdf@primitive is available.
Package pdftexcmds Info: \pdf@ifprimitive is available.
)))
\Fld@menulength=\count109
\Field@Width=\dimen118
\Fld@charsize=\dimen119
\Field@toks=\toks28
Package hyperref Info: Hyper figures OFF on input line 4377.
Package hyperref Info: Link nesting OFF on input line 4382.
Package hyperref Info: Hyper index ON on input line 4385.
Package hyperref Info: backreferencing OFF on input line 4392.
Package hyperref Info: Link coloring OFF on input line 4397.
Package hyperref Info: Link coloring with OCG OFF on input line 4402.
Package hyperref Info: PDF/A mode OFF on input line 4407.

(/usr/share/texmf-texlive/tex/generic/oberdiek/atbegshi.sty
Package: atbegshi 2008/07/31 v1.9 At begin shipout hook (HO)
)
\Hy@abspage=\count110
\c@Item=\count111
\c@Hfootnote=\count112
)
*hyperref using default driver hpdftex*
(/usr/share/texmf-texlive/tex/latex/hyperref/hpdftex.def
File: hpdftex.def 2009/10/09 v6.79a Hyperref driver for pdfTeX
\Fld@listcount=\count113
)
(/usr/share/texmf-texlive/tex/latex/float/float.sty
Package: float 2001/11/08 v1.3d Float enhancements (AL)
\c@float@type=\count114
\float@exts=\toks29
\float@box=\box28
\@float@everytoks=\toks30
\@floatcapt=\box29
)
(/usr/share/texmf-texlive/tex/latex/setspace/setspace.sty
Package: setspace 2000/12/01 6.7 Contributed and Supported LaTeX2e package

Package: `setspace' 6.7 <2000/12/01>
) (/usr/share/texmf-texlive/tex/latex/base/fontenc.sty
Package: fontenc 2005/09/27 v1.99g Standard LaTeX package

(/usr/share/texmf-texlive/tex/latex/base/t1enc.def
File: t1enc.def 2005/09/27 v1.99g Standard LaTeX file
LaTeX Font Info:    Redeclaring font encoding T1 on input line 43.
))
\@float@every@figure=\toks31
\c@definizione=\count115
\c@proposizione=\count116
\c@teorema=\count117
 (./Tesi.aux)
\openout1 = `Tesi.aux'.

LaTeX Font Info:    Checking defaults for OML/cmm/m/it on input line 43.
LaTeX Font Info:    ... okay on input line 43.
LaTeX Font Info:    Checking defaults for T1/cmr/m/n on input line 43.
LaTeX Font Info:    ... okay on input line 43.
LaTeX Font Info:    Checking defaults for OT1/cmr/m/n on input line 43.
LaTeX Font Info:    ... okay on input line 43.
LaTeX Font Info:    Checking defaults for OMS/cmsy/m/n on input line 43.
LaTeX Font Info:    ... okay on input line 43.
LaTeX Font Info:    Checking defaults for OMX/cmex/m/n on input line 43.
LaTeX Font Info:    ... okay on input line 43.
LaTeX Font Info:    Checking defaults for U/cmr/m/n on input line 43.
LaTeX Font Info:    ... okay on input line 43.
LaTeX Font Info:    Checking defaults for LGR/cmr/m/n on input line 43.
LaTeX Font Info:    Try loading font information for LGR+cmr on input line 43.

(/usr/share/texmf-texlive/tex/generic/babel/lgrcmr.fd
File: lgrcmr.fd 2008/06/17 v2.3 Greek Computer Modern
)
LaTeX Font Info:    ... okay on input line 43.
LaTeX Font Info:    Checking defaults for PD1/pdf/m/n on input line 43.
LaTeX Font Info:    ... okay on input line 43.

(/usr/share/texmf-texlive/tex/latex/ucs/ucsencs.def
File: ucsencs.def 2003/11/29 Fixes to fontencodings LGR, T3

fontencoding LGR patched
) (/usr/share/texmf/tex/context/base/supp-pdf.mkii
[Loading MPS to PDF converter (version 2006.09.02).]
\scratchcounter=\count118
\scratchdimen=\dimen120
\scratchbox=\box30
\nofMPsegments=\count119
\nofMParguments=\count120
\everyMPshowfont=\toks32
\MPscratchCnt=\count121
\MPscratchDim=\dimen121
\MPnumerator=\count122
\everyMPtoPDFconversion=\toks33
)
Package hyperref Info: Link coloring OFF on input line 43.
 (/usr/share/texmf-texlive/tex/latex/hyperref/nameref.sty
Package: nameref 2007/05/29 v2.31 Cross-referencing by name of section

(/usr/share/texmf-texlive/tex/latex/oberdiek/refcount.sty
Package: refcount 2008/08/11 v3.1 Data extraction from references (HO)
)
\c@section@level=\count123
)
LaTeX Info: Redefining \ref on input line 43.
LaTeX Info: Redefining \pageref on input line 43.
 (./Tesi.out)
(./Tesi.out)
\@outlinefile=\write3
\openout3 = `Tesi.out'.

\AtBeginShipoutBox=\box31
 [0


] (./Tesi.toc
LaTeX Font Info:    Try loading font information for U+msa on input line 4.

(/usr/share/texmf-texlive/tex/latex/amsfonts/umsa.fd
File: umsa.fd 2009/06/22 v3.00 AMS symbols A
)
LaTeX Font Info:    Try loading font information for U+msb on input line 4.

(/usr/share/texmf-texlive/tex/latex/amsfonts/umsb.fd
File: umsb.fd 2009/06/22 v3.00 AMS symbols B
))
\tf@toc=\write4
\openout4 = `Tesi.toc'.

 [1

{/var/lib/texmf/fonts/map/pdftex/updmap/pdftex.map}]

Package Fancyhdr Warning: \headheight is too small (12.5pt): 
 Make it at least 14.49998pt.
 We now make it that large for the rest of the document.
 This may cause the page layout to be inconsistent, however.

[2

] (/usr/share/texmf-texlive/tex/latex/ucs/data/uni-0.def
File: uni-0.def 2004/10/17 UCS: Unicode data U+0000..U+00FF
) [3] [4]
Overfull \hbox (1.14618pt too wide) in paragraph at lines 101--116
\T1/cmr/m/n/12 Nel mod-el-lo \T1/cmr/m/it/12 for-male\T1/cmr/m/n/12 , le op-er-
azioni crit-tografiche sono rap-p-re-sen-tate da espres-
 []


Overfull \hbox (0.65314pt too wide) in paragraph at lines 101--116
\T1/cmr/m/n/12 Il mod-el-lo for-male può con-tare su un vastis-si-mo in-sieme d
i conoscen-ze teoriche
 []

LaTeX Font Info:    Try loading font information for T1+cmtt on input line 124.

(/usr/share/texmf-texlive/tex/latex/base/t1cmtt.fd
File: t1cmtt.fd 1999/05/25 v2.5h Standard LaTeX font definitions
)
Underfull \vbox (badness 1112) has occurred while \output is active []

 [5]
[6] [7] [8]
Capitolo 1.
[9

]
LaTeX Font Info:    Try loading font information for OMS+cmr on input line 216.

 (/usr/share/texmf-texlive/tex/latex/base/omscmr.fd
File: omscmr.fd 1999/05/25 v2.5h Standard LaTeX font definitions
)
LaTeX Font Info:    Font shape `OMS/cmr/m/n' in size <12> not available
(Font)              Font shape `OMS/cmsy/m/n' tried instead on input line 216.

Underfull \hbox (badness 10000) in paragraph at lines 222--228

 []

[10]

Package hyperref Warning: Token not allowed in a PDF string (PDFDocEncoding):
(hyperref)                removing `math shift' on input line 247.


Package hyperref Warning: Token not allowed in a PDF string (PDFDocEncoding):
(hyperref)                removing `math shift' on input line 247.

[11] [12] [13]
Overfull \hbox (3.23085pt too wide) in paragraph at lines 321--322
[]\T1/cmr/m/it/12 Due en-sem-ble $\OML/cmm/m/it/12 X \OT1/cmr/m/n/12 =
 []


Overfull \hbox (5.78233pt too wide) in paragraph at lines 330--334
[]\T1/cmr/m/n/12 La definizione di in-dis-tin-guibil-ità com-putazionale cat-tu
ra quin-di il seguente
 []

[14]
Overfull \hbox (20.92708pt too wide) in paragraph at lines 352--354
[]\T1/cmr/m/it/12 L'ensemble $\OML/cmm/m/it/12 X \OT1/cmr/m/n/12 = \OMS/cmsy/m/
n/12 f\OML/cmm/m/it/12 X[]\OMS/cmsy/m/n/12 g[]$ \T1/cmr/m/it/12 è det-to pseudo
-
 []

[15]
LaTeX Font Info:    Font shape `OMS/cmr/m/it' in size <12> not available
(Font)              Font shape `OMS/cmsy/m/n' tried instead on input line 361.
 [16]
Underfull \hbox (badness 10000) in paragraph at lines 405--434

 []

[17]
Underfull \vbox (badness 5231) has occurred while \output is active []

 [18]
[19] [20

]
Capitolo 2.
[21]
Underfull \hbox (badness 10000) in paragraph at lines 455--457

 []


Underfull \hbox (badness 10000) in paragraph at lines 465--466

 []

[22]
Overfull \hbox (10.05774pt too wide) in paragraph at lines 489--491
\T1/cmr/m/n/12 informiamo Cryp-toVerif che og-ni qual-vol-ta in-con-tra una dop
pia negazione
 []

[23]
Overfull \hbox (0.39018pt too wide) in paragraph at lines 508--512
\T1/cmr/m/n/12 nel flus-so d'ese-cuzione del pro-to-col-lo in esame. Per esem-p
io: si potrebbe
 []


LaTeX Warning: Characters dropped after `\end{verbatim}' on input line 514.

[24] [25]
Underfull \hbox (badness 10000) in paragraph at lines 581--592

 []

[26] [27] (/usr/share/texmf-texlive/tex/latex/ucs/data/uni-34.def
File: uni-34.def 2004/10/17 UCS: Unicode data U+2200..U+22FF
)
Overfull \hbox (4.93004pt too wide) in paragraph at lines 629--629
[]          \T1/cmtt/m/n/12 | find [[unique]] <findbranch> (orfind <findbranch>
 )$\OMS/cmsy/m/n/12 ^^C$[] 
 []

[28] [29] [30]
Overfull \hbox (37.5704pt too wide) in paragraph at lines 719--721
[]
 []

[31] [32] [33]
Overfull \hbox (29.79749pt too wide) in paragraph at lines 785--785
[]         \T1/cmtt/m/n/12 OT (m1 : bitstring, s : D) := if f(pk , s) = hash(m1
 ) then[] 
 []


Overfull \hbox (29.79749pt too wide) in paragraph at lines 786--786
[]             \T1/cmtt/m/n/12 find u <= qS suchthat (defined(m[u]) && m1 = m[u
]) then[] 
 []


Underfull \hbox (badness 10000) in paragraph at lines 793--810

 []

[34]
Overfull \hbox (2.84328pt too wide) in paragraph at lines 816--818
[]\T1/cmr/m/it/12 Una fun-zione $\OML/cmm/m/it/12 f \OT1/cmr/m/n/12 : \OMS/cmsy
/m/n/12 f\OT1/cmr/m/n/12 0\OML/cmm/m/it/12 ; \OT1/cmr/m/n/12 1\OMS/cmsy/m/n/12 
g[] ! f\OT1/cmr/m/n/12 0\OML/cmm/m/it/12 ; \OT1/cmr/m/n/12 1\OMS/cmsy/m/n/12 g[
]$
 []

[35] [36] [37]
Overfull \hbox (60.66495pt too wide) in paragraph at lines 908--908
[]\T1/cmtt/m/n/12 forall r:seed, x:D, x':D; (x' = invf(skgen(r),x)) = (f(pkgen(
r),x') = x).[] 
 []


LaTeX Warning: Characters dropped after `\end{verbatim}' on input line 917.


Overfull \hbox (13.86798pt too wide) in paragraph at lines 918--920
\T1/cmr/m/n/12 in-fine al-l'url []$\T1/cmtt/m/n/12 http : / / www . cryptoverif
 . ens . fr / FDH / fdh . pdf$[] \T1/cmr/m/n/12 tro-vi-amo l'ouput
 []

[38]
Capitolo 3.

Overfull \hbox (3.13715pt too wide) in paragraph at lines 926--929
\T1/cmr/m/n/12 di un ca-so par-ti-co-lare di un risul-ta-to clas-si-co del-la c
rit-tografia com-putazionale.
 []

[39

] [40] [41] [42] [43] [44] [45] [46]
Overfull \hbox (15.426pt too wide) in paragraph at lines 1200--1203
\T1/cmr/m/n/12 in questo gio-co Cryp-toVerif non fa al-tro che ap-pli-care la d
efinizione di $[]$
 []

[47]
Underfull \hbox (badness 10000) in paragraph at lines 1252--1257

 []


Underfull \hbox (badness 10000) in paragraph at lines 1252--1257

 []


Underfull \hbox (badness 10000) in paragraph at lines 1252--1257

 []

[48] [49]
Overfull \hbox (47.98091pt too wide) in paragraph at lines 1345--1345
 []            \T1/cmtt/m/n/12 concatnpi-1(...concatnp1(G'(yi), b1), b2),... bi
);[] 
 []

[50]
Overfull \hbox (11.27701pt too wide) in paragraph at lines 1368--1368
[] \T1/cmtt/m/n/12 15 (* La concatenzione di stringhe random è una stringa rand
om*)[] 
 []

[51] [52]
Overfull \hbox (29.79749pt too wide) in paragraph at lines 1443--1443
[] \T1/cmtt/m/n/12 90 w:np4bits <-concatnp3(concatnp2(concatnp1(G'(y3), b1), b2
), b3);[] 
 []

[53] [54] [55] [56] [57] [58

]
Capitolo 4.
(./Tesi.bbl [59] [60]
Underfull \hbox (badness 4608) in paragraph at lines 9--13
\T1/cmr/m/n/12 of cryp-tog-ra-phy (the com-pu-ta-tion-al sound-ness of for-mal
 []

[61

]) [62] (./Tesi.aux) ) 
Here is how much of TeX's memory you used:
 7977 strings out of 495061
 109864 string characters out of 1182621
 183415 words of memory out of 3000000
 10799 multiletter control sequences out of 15000+50000
 27796 words of font info for 73 fonts, out of 3000000 for 9000
 45 hyphenation exceptions out of 8191
 38i,14n,43p,415b,640s stack positions out of 5000i,500n,10000p,200000b,50000s
pdfTeX warning (dest): name{Hfootnote.41} has been refere
nced but does not exist, replaced by a fixed one

pdfTeX warning (dest): name{Hfootnote.40} has been referenced but does not exis
t, replaced by a fixed one

pdfTeX warning (dest): name{Hfootnote.39} has been referenced but does not exis
t, replaced by a fixed one

pdfTeX warning (dest): name{Hfootnote.38} has been referenced but does not exis
t, replaced by a fixed one

pdfTeX warning (dest): name{Hfootnote.37} has been referenced but does not exis
t, replaced by a fixed one

pdfTeX warning (dest): name{Hfootnote.36} has been referenced but does not exis
t, replaced by a fixed one

pdfTeX warning (dest): name{Hfootnote.35} has been referenced but does not exis
t, replaced by a fixed one

pdfTeX warning (dest): name{Hfootnote.34} has been referenced but does not exis
t, replaced by a fixed one

pdfTeX warning (dest): name{Hfootnote.33} has been referenced but does not exis
t, replaced by a fixed one

pdfTeX warning (dest): name{Hfootnote.32} has been referenced but does not exis
t, replaced by a fixed one

pdfTeX warning (dest): name{Hfootnote.31} has been referenced but does not exis
t, replaced by a fixed one

pdfTeX warning (dest): name{Hfootnote.30} has been referenced but does not exis
t, replaced by a fixed one

pdfTeX warning (dest): name{Hfootnote.29} has been referenced but does not exis
t, replaced by a fixed one

pdfTeX warning (dest): name{Hfootnote.28} has been referenced but does not exis
t, replaced by a fixed one

pdfTeX warning (dest): name{Hfootnote.27} has been referenced but does not exis
t, replaced by a fixed one

pdfTeX warning (dest): name{Hfootnote.26} has been referenced but does not exis
t, replaced by a fixed one

pdfTeX warning (dest): name{Hfootnote.25} has been referenced but does not exis
t, replaced by a fixed one

pdfTeX warning (dest): name{Hfootnote.24} has been referenced but does not exis
t, replaced by a fixed one

pdfTeX warning (dest): name{Hfootnote.23} has been referenced but does not exis
t, replaced by a fixed one

pdfTeX warning (dest): name{Hfootnote.22} has been referenced but does not exis
t, replaced by a fixed one

pdfTeX warning (dest): name{Hfootnote.21} has been referenced but does not exis
t, replaced by a fixed one

pdfTeX warning (dest): name{Hfootnote.20} has been referenced but does not exis
t, replaced by a fixed one

pdfTeX warning (dest): name{Hfootnote.19} has been referenced but does not exis
t, replaced by a fixed one

pdfTeX warning (dest): name{Hfootnote.18} has been referenced but does not exis
t, replaced by a fixed one

pdfTeX warning (dest): name{Hfootnote.17} has been referenced but does not exis
t, replaced by a fixed one

pdfTeX warning (dest): name{Hfootnote.16} has been referenced but does not exis
t, replaced by a fixed one

pdfTeX warning (dest): name{Hfootnote.15} has been referenced but does not exis
t, replaced by a fixed one

pdfTeX warning (dest): name{Hfootnote.14} has been referenced but does not exis
t, replaced by a fixed one

pdfTeX warning (dest): name{Hfootnote.13} has been referenced but does not exis
t, replaced by a fixed one

pdfTeX warning (dest): name{Hfootnote.12} has been referenced but does not exis
t, replaced by a fixed one

pdfTeX warning (dest): name{Hfootnote.11} has been referenced but does not exis
t, replaced by a fixed one

pdfTeX warning (dest): name{Hfootnote.10} has been referenced but does not exis
t, replaced by a fixed one

pdfTeX warning (dest): name{Hfootnote.9} has been referenced but does not exist
, replaced by a fixed one

pdfTeX warning (dest): name{Hfootnote.8} has been referenced but does not exist
, replaced by a fixed one

pdfTeX warning (dest): name{Hfootnote.7} has been referenced but does not exist
, replaced by a fixed one

pdfTeX warning (dest): name{Hfootnote.6} has been referenced but does not exist
, replaced by a fixed one

pdfTeX warning (dest): name{Hfootnote.5} has been referenced but does not exist
, replaced by a fixed one

pdfTeX warning (dest): name{Hfootnote.4} has been referenced but does not exist
, replaced by a fixed one

pdfTeX warning (dest): name{Hfootnote.3} has been referenced but does not exist
, replaced by a fixed one

pdfTeX warning (dest): name{Hfootnote.2} has been referenced but does not exist
, replaced by a fixed one

pdfTeX warning (dest): name{Hfootnote.1} has been referenced but does not exist
, replaced by a fixed one

 </home/sh0t/.texmf-var/fonts/pk/ljfour/jknappen/ec/ecit1200.600pk> </home/sh0t
/.texmf-var/fonts/pk/ljfour/jknappen/ec/ecbx1440.600pk> </home/sh0t/.texmf-var/
fonts/pk/ljfour/jknappen/ec/ectt1200.600pk> </home/sh0t/.texmf-var/fonts/pk/ljf
our/jknappen/ec/ecbi1200.600pk> </home/sh0t/.texmf-var/fonts/pk/ljfour/jknappen
/ec/ecti1000.600pk> </home/sh0t/.texmf-var/fonts/pk/ljfour/jknappen/ec/ectt1000
.600pk> </home/sh0t/.texmf-var/fonts/pk/ljfour/jknappen/ec/ecrm1000.600pk> </ho
me/sh0t/.texmf-var/fonts/pk/ljfour/jknappen/ec/ecrm0700.600pk> </home/sh0t/.tex
mf-var/fonts/pk/ljfour/jknappen/ec/ecrm0800.600pk> </home/sh0t/.texmf-var/fonts
/pk/ljfour/jknappen/ec/ecti1200.600pk> </home/sh0t/.texmf-var/fonts/pk/ljfour/j
knappen/ec/ecbx1728.600pk> </home/sh0t/.texmf-var/fonts/pk/ljfour/jknappen/ec/e
crm1200.600pk> </home/sh0t/.texmf-var/fonts/pk/ljfour/jknappen/ec/ecbx1200.600p
k> </home/sh0t/.texmf-var/fonts/pk/ljfour/jknappen/ec/ecbx2488.600pk></usr/shar
e/texmf-texlive/fonts/type1/public/amsfonts/cm/cmex10.pfb></usr/share/texmf-tex
live/fonts/type1/public/amsfonts/cmextra/cmex8.pfb></usr/share/texmf-texlive/fo
nts/type1/public/amsfonts/cm/cmmi10.pfb></usr/share/texmf-texlive/fonts/type1/p
ublic/amsfonts/cm/cmmi12.pfb></usr/share/texmf-texlive/fonts/type1/public/amsfo
nts/cm/cmmi6.pfb></usr/share/texmf-texlive/fonts/type1/public/amsfonts/cm/cmmi7
.pfb></usr/share/texmf-texlive/fonts/type1/public/amsfonts/cm/cmmi8.pfb></usr/s
hare/texmf-texlive/fonts/type1/public/amsfonts/cm/cmr10.pfb></usr/share/texmf-t
exlive/fonts/type1/public/amsfonts/cm/cmr12.pfb></usr/share/texmf-texlive/fonts
/type1/public/amsfonts/cm/cmr6.pfb></usr/share/texmf-texlive/fonts/type1/public
/amsfonts/cm/cmr7.pfb></usr/share/texmf-texlive/fonts/type1/public/amsfonts/cm/
cmr8.pfb></usr/share/texmf-texlive/fonts/type1/public/amsfonts/cm/cmsy10.pfb></
usr/share/texmf-texlive/fonts/type1/public/amsfonts/cm/cmsy6.pfb></usr/share/te
xmf-texlive/fonts/type1/public/amsfonts/cm/cmsy8.pfb></usr/share/texmf-texlive/
fonts/type1/public/amsfonts/symbols/msam10.pfb></usr/share/texmf-texlive/fonts/
type1/public/amsfonts/symbols/msbm10.pfb>
Output written on Tesi.pdf (63 pages, 553437 bytes).
PDF statistics:
 1252 PDF objects out of 1440 (max. 8388607)
 173 named destinations out of 1000 (max. 500000)
 185 words of extra memory for PDF output out of 10000 (max. 10000000)

