\BOOKMARK [0][-]{chapter*.3}{Introduzione}{}
\BOOKMARK [0][-]{chapter.1}{Il Modello Computazionale}{}
\BOOKMARK [1][-]{section.1.1}{L'Avversario}{chapter.1}
\BOOKMARK [1][-]{section.1.2}{Funzioni Trascurabili e non \203}{chapter.1}
\BOOKMARK [1][-]{section.1.3}{Indistinguibilit\340 Computazionale}{chapter.1}
\BOOKMARK [1][-]{section.1.4}{Pseudocasualit\340 e Generatori Pseudocasuali}{chapter.1}
\BOOKMARK [1][-]{section.1.5}{Dimostrazioni Basate su Game}{chapter.1}
\BOOKMARK [0][-]{chapter.2}{CryptoVerif}{}
\BOOKMARK [1][-]{section.2.1}{La Sintassi}{chapter.2}
\BOOKMARK [2][-]{subsection.2.1.1}{Dichiarazioni}{section.2.1}
\BOOKMARK [2][-]{subsection.2.1.2}{Definizione del protocollo}{section.2.1}
\BOOKMARK [1][-]{section.2.2}{La Tecnica di Dimostrazione}{chapter.2}
\BOOKMARK [1][-]{section.2.3}{Un Esempio: FDH}{chapter.2}
\BOOKMARK [0][-]{chapter.3}{Risultati Raggiunti}{}
\BOOKMARK [1][-]{section.3.1}{Il Teorema}{chapter.3}
\BOOKMARK [1][-]{section.3.2}{Dimostrazione del Caso Base}{chapter.3}
\BOOKMARK [2][-]{subsection.3.2.1}{I Giochi della Prova}{section.3.2}
\BOOKMARK [1][-]{section.3.3}{Il Passo Induttivo}{chapter.3}
\BOOKMARK [2][-]{subsection.3.3.1}{L'Ipotesi Induttiva}{section.3.3}
\BOOKMARK [1][-]{section.3.4}{Limiti di CryptoVerif}{chapter.3}
\BOOKMARK [2][-]{subsection.3.4.1}{Definizione Iterativa}{section.3.4}
\BOOKMARK [2][-]{subsection.3.4.2}{Necessit\340 dell'Induzione}{section.3.4}
\BOOKMARK [0][-]{chapter.4}{Conclusioni}{}
